{"C:\\Users\\polamreddy.vasavi\\Documents\\GitHub\\TODO-LIST\\src\\App.js": {"path":"C:\\Users\\polamreddy.vasavi\\Documents\\GitHub\\TODO-LIST\\src\\App.js","statementMap":{"0":{"start":{"line":46,"column":4},"end":{"line":56,"column":6}},"1":{"start":{"line":59,"column":0},"end":{"line":59,"column":43}}},"fnMap":{"0":{"name":"(anonymous_0)","decl":{"start":{"line":45,"column":2},"end":{"line":45,"column":3}},"loc":{"start":{"line":45,"column":11},"end":{"line":57,"column":3}},"line":45}},"branchMap":{},"s":{"0":2,"1":3},"f":{"0":2},"b":{},"_coverageSchema":"1a1c01bbd47fc00a2c39e90264f33305004495a9","hash":"87463ce486a6a364b00253550c2c7ef5bc139f65"}
,"C:\\Users\\polamreddy.vasavi\\Documents\\GitHub\\TODO-LIST\\src\\index.js": {"path":"C:\\Users\\polamreddy.vasavi\\Documents\\GitHub\\TODO-LIST\\src\\index.js","statementMap":{"0":{"start":{"line":12,"column":0},"end":{"line":17,"column":2}}},"fnMap":{},"branchMap":{},"s":{"0":1},"f":{},"b":{},"_coverageSchema":"1a1c01bbd47fc00a2c39e90264f33305004495a9","hash":"6c7a54aaebbaa584f1ca3771d42790e68e5bbb40"}
,"C:\\Users\\polamreddy.vasavi\\Documents\\GitHub\\TODO-LIST\\src\\actions\\action-get-countries.js": {"path":"C:\\Users\\polamreddy.vasavi\\Documents\\GitHub\\TODO-LIST\\src\\actions\\action-get-countries.js","statementMap":{"0":{"start":{"line":3,"column":28},"end":{"line":14,"column":1}},"1":{"start":{"line":3,"column":38},"end":{"line":14,"column":1}},"2":{"start":{"line":4,"column":2},"end":{"line":13,"column":7}},"3":{"start":{"line":7,"column":6},"end":{"line":7,"column":48}},"4":{"start":{"line":8,"column":6},"end":{"line":8,"column":34}},"5":{"start":{"line":11,"column":6},"end":{"line":11,"column":32}},"6":{"start":{"line":12,"column":6},"end":{"line":12,"column":25}},"7":{"start":{"line":16,"column":16},"end":{"line":21,"column":1}},"8":{"start":{"line":17,"column":2},"end":{"line":20,"column":4}},"9":{"start":{"line":22,"column":17},"end":{"line":27,"column":1}},"10":{"start":{"line":23,"column":2},"end":{"line":26,"column":4}}},"fnMap":{"0":{"name":"(anonymous_0)","decl":{"start":{"line":3,"column":28},"end":{"line":3,"column":29}},"loc":{"start":{"line":3,"column":38},"end":{"line":14,"column":1}},"line":3},"1":{"name":"(anonymous_1)","decl":{"start":{"line":3,"column":38},"end":{"line":3,"column":39}},"loc":{"start":{"line":3,"column":58},"end":{"line":14,"column":1}},"line":3},"2":{"name":"(anonymous_2)","decl":{"start":{"line":6,"column":10},"end":{"line":6,"column":11}},"loc":{"start":{"line":6,"column":19},"end":{"line":9,"column":5}},"line":6},"3":{"name":"(anonymous_3)","decl":{"start":{"line":10,"column":11},"end":{"line":10,"column":12}},"loc":{"start":{"line":10,"column":22},"end":{"line":13,"column":5}},"line":10},"4":{"name":"(anonymous_4)","decl":{"start":{"line":16,"column":16},"end":{"line":16,"column":17}},"loc":{"start":{"line":16,"column":28},"end":{"line":21,"column":1}},"line":16},"5":{"name":"(anonymous_5)","decl":{"start":{"line":22,"column":17},"end":{"line":22,"column":18}},"loc":{"start":{"line":22,"column":28},"end":{"line":27,"column":1}},"line":22}},"branchMap":{},"s":{"0":6,"1":2,"2":2,"3":0,"4":0,"5":2,"6":2,"7":6,"8":0,"9":6,"10":2},"f":{"0":2,"1":2,"2":0,"3":2,"4":0,"5":2},"b":{},"_coverageSchema":"1a1c01bbd47fc00a2c39e90264f33305004495a9","hash":"7ddafd0389760efce7bbd85eb02d46771ef1332a"}
,"C:\\Users\\polamreddy.vasavi\\Documents\\GitHub\\TODO-LIST\\src\\actions\\actionTypes.js": {"path":"C:\\Users\\polamreddy.vasavi\\Documents\\GitHub\\TODO-LIST\\src\\actions\\actionTypes.js","statementMap":{"0":{"start":{"line":1,"column":21},"end":{"line":4,"column":1}}},"fnMap":{},"branchMap":{},"s":{"0":7},"f":{},"b":{},"_coverageSchema":"1a1c01bbd47fc00a2c39e90264f33305004495a9","hash":"d85512df05a29917a00effcceb0d3158a2e172a0"}
,"C:\\Users\\polamreddy.vasavi\\Documents\\GitHub\\TODO-LIST\\src\\component\\Container.js": {"path":"C:\\Users\\polamreddy.vasavi\\Documents\\GitHub\\TODO-LIST\\src\\component\\Container.js","statementMap":{"0":{"start":{"line":9,"column":24},"end":{"line":15,"column":1}},"1":{"start":{"line":11,"column":4},"end":{"line":14,"column":6}},"2":{"start":{"line":16,"column":25},"end":{"line":18,"column":2}},"3":{"start":{"line":16,"column":40},"end":{"line":18,"column":1}},"4":{"start":{"line":17,"column":28},"end":{"line":17,"column":56}}},"fnMap":{"0":{"name":"(anonymous_0)","decl":{"start":{"line":9,"column":24},"end":{"line":9,"column":25}},"loc":{"start":{"line":9,"column":35},"end":{"line":15,"column":1}},"line":9},"1":{"name":"(anonymous_1)","decl":{"start":{"line":16,"column":25},"end":{"line":16,"column":26}},"loc":{"start":{"line":16,"column":40},"end":{"line":18,"column":1}},"line":16},"2":{"name":"(anonymous_2)","decl":{"start":{"line":17,"column":18},"end":{"line":17,"column":19}},"loc":{"start":{"line":17,"column":28},"end":{"line":17,"column":56}},"line":17}},"branchMap":{},"s":{"0":5,"1":1,"2":5,"3":1,"4":0},"f":{"0":1,"1":1,"2":0},"b":{},"_coverageSchema":"1a1c01bbd47fc00a2c39e90264f33305004495a9","hash":"9f38bba38e03f5c23b7a803addd76dc85b5e310e"}
,"C:\\Users\\polamreddy.vasavi\\Documents\\GitHub\\TODO-LIST\\src\\component\\EditData.js": {"path":"C:\\Users\\polamreddy.vasavi\\Documents\\GitHub\\TODO-LIST\\src\\component\\EditData.js","statementMap":{"0":{"start":{"line":10,"column":4},"end":{"line":10,"column":17}},"1":{"start":{"line":11,"column":4},"end":{"line":16,"column":5}},"2":{"start":{"line":20,"column":20},"end":{"line":20,"column":22}},"3":{"start":{"line":21,"column":15},"end":{"line":21,"column":30}},"4":{"start":{"line":22,"column":4},"end":{"line":26,"column":7}},"5":{"start":{"line":23,"column":6},"end":{"line":25,"column":7}},"6":{"start":{"line":24,"column":8},"end":{"line":24,"column":26}},"7":{"start":{"line":27,"column":4},"end":{"line":27,"column":37}},"8":{"start":{"line":30,"column":11},"end":{"line":35,"column":3}},"9":{"start":{"line":32,"column":4},"end":{"line":34,"column":7}},"10":{"start":{"line":36,"column":11},"end":{"line":50,"column":3}},"11":{"start":{"line":38,"column":20},"end":{"line":38,"column":22}},"12":{"start":{"line":39,"column":15},"end":{"line":39,"column":30}},"13":{"start":{"line":40,"column":4},"end":{"line":47,"column":7}},"14":{"start":{"line":41,"column":6},"end":{"line":46,"column":7}},"15":{"start":{"line":42,"column":8},"end":{"line":42,"column":27}},"16":{"start":{"line":45,"column":6},"end":{"line":45,"column":24}},"17":{"start":{"line":48,"column":4},"end":{"line":48,"column":37}},"18":{"start":{"line":53,"column":21},"end":{"line":74,"column":6}},"19":{"start":{"line":55,"column":6},"end":{"line":73,"column":7}},"20":{"start":{"line":65,"column":31},"end":{"line":65,"column":50}},"21":{"start":{"line":69,"column":29},"end":{"line":69,"column":50}},"22":{"start":{"line":75,"column":4},"end":{"line":94,"column":6}},"23":{"start":{"line":104,"column":0},"end":{"line":104,"column":45}}},"fnMap":{"0":{"name":"(anonymous_0)","decl":{"start":{"line":9,"column":2},"end":{"line":9,"column":3}},"loc":{"start":{"line":9,"column":21},"end":{"line":17,"column":3}},"line":9},"1":{"name":"(anonymous_1)","decl":{"start":{"line":19,"column":2},"end":{"line":19,"column":3}},"loc":{"start":{"line":19,"column":19},"end":{"line":28,"column":3}},"line":19},"2":{"name":"(anonymous_2)","decl":{"start":{"line":22,"column":25},"end":{"line":22,"column":26}},"loc":{"start":{"line":22,"column":34},"end":{"line":26,"column":5}},"line":22},"3":{"name":"(anonymous_3)","decl":{"start":{"line":30,"column":11},"end":{"line":30,"column":12}},"loc":{"start":{"line":30,"column":17},"end":{"line":35,"column":3}},"line":30},"4":{"name":"(anonymous_4)","decl":{"start":{"line":36,"column":11},"end":{"line":36,"column":12}},"loc":{"start":{"line":36,"column":17},"end":{"line":50,"column":3}},"line":36},"5":{"name":"(anonymous_5)","decl":{"start":{"line":40,"column":25},"end":{"line":40,"column":26}},"loc":{"start":{"line":40,"column":34},"end":{"line":47,"column":5}},"line":40},"6":{"name":"(anonymous_6)","decl":{"start":{"line":52,"column":2},"end":{"line":52,"column":3}},"loc":{"start":{"line":52,"column":11},"end":{"line":95,"column":3}},"line":52},"7":{"name":"(anonymous_7)","decl":{"start":{"line":53,"column":41},"end":{"line":53,"column":42}},"loc":{"start":{"line":53,"column":59},"end":{"line":74,"column":5}},"line":53},"8":{"name":"(anonymous_8)","decl":{"start":{"line":65,"column":25},"end":{"line":65,"column":26}},"loc":{"start":{"line":65,"column":31},"end":{"line":65,"column":50}},"line":65},"9":{"name":"(anonymous_9)","decl":{"start":{"line":69,"column":23},"end":{"line":69,"column":24}},"loc":{"start":{"line":69,"column":29},"end":{"line":69,"column":50}},"line":69}},"branchMap":{"0":{"loc":{"start":{"line":23,"column":6},"end":{"line":25,"column":7}},"type":"if","locations":[{"start":{"line":23,"column":6},"end":{"line":25,"column":7}},{"start":{"line":23,"column":6},"end":{"line":25,"column":7}}],"line":23},"1":{"loc":{"start":{"line":41,"column":6},"end":{"line":46,"column":7}},"type":"if","locations":[{"start":{"line":41,"column":6},"end":{"line":46,"column":7}},{"start":{"line":41,"column":6},"end":{"line":46,"column":7}}],"line":41}},"s":{"0":5,"1":5,"2":2,"3":2,"4":2,"5":2,"6":1,"7":2,"8":5,"9":2,"10":5,"11":2,"12":2,"13":2,"14":2,"15":1,"16":1,"17":2,"18":13,"19":12,"20":1,"21":1,"22":13,"23":6},"f":{"0":5,"1":2,"2":2,"3":2,"4":2,"5":2,"6":13,"7":12,"8":1,"9":1},"b":{"0":[1,1],"1":[1,1]},"_coverageSchema":"1a1c01bbd47fc00a2c39e90264f33305004495a9","hash":"b2e6628f9ed6f83a27566d712bda9f884cb62638"}
,"C:\\Users\\polamreddy.vasavi\\Documents\\GitHub\\TODO-LIST\\src\\component\\Form.js": {"path":"C:\\Users\\polamreddy.vasavi\\Documents\\GitHub\\TODO-LIST\\src\\component\\Form.js","statementMap":{"0":{"start":{"line":11,"column":10},"end":{"line":16,"column":3}},"1":{"start":{"line":18,"column":17},"end":{"line":24,"column":3}},"2":{"start":{"line":20,"column":4},"end":{"line":23,"column":8}},"3":{"start":{"line":25,"column":17},"end":{"line":40,"column":3}},"4":{"start":{"line":26,"column":4},"end":{"line":26,"column":23}},"5":{"start":{"line":27,"column":4},"end":{"line":27,"column":30}},"6":{"start":{"line":28,"column":17},"end":{"line":28,"column":32}},"7":{"start":{"line":30,"column":4},"end":{"line":33,"column":5}},"8":{"start":{"line":35,"column":4},"end":{"line":35,"column":19}},"9":{"start":{"line":37,"column":4},"end":{"line":39,"column":6}},"10":{"start":{"line":42,"column":13},"end":{"line":49,"column":3}},"11":{"start":{"line":43,"column":4},"end":{"line":43,"column":31}},"12":{"start":{"line":44,"column":18},"end":{"line":44,"column":47}},"13":{"start":{"line":45,"column":4},"end":{"line":47,"column":6}},"14":{"start":{"line":52,"column":4},"end":{"line":62,"column":6}},"15":{"start":{"line":66,"column":0},"end":{"line":66,"column":41}}},"fnMap":{"0":{"name":"(anonymous_0)","decl":{"start":{"line":18,"column":17},"end":{"line":18,"column":18}},"loc":{"start":{"line":18,"column":24},"end":{"line":24,"column":3}},"line":18},"1":{"name":"(anonymous_1)","decl":{"start":{"line":25,"column":17},"end":{"line":25,"column":18}},"loc":{"start":{"line":25,"column":24},"end":{"line":40,"column":3}},"line":25},"2":{"name":"(anonymous_2)","decl":{"start":{"line":42,"column":13},"end":{"line":42,"column":14}},"loc":{"start":{"line":42,"column":26},"end":{"line":49,"column":3}},"line":42},"3":{"name":"(anonymous_3)","decl":{"start":{"line":51,"column":2},"end":{"line":51,"column":3}},"loc":{"start":{"line":51,"column":11},"end":{"line":63,"column":3}},"line":51}},"branchMap":{},"s":{"0":4,"1":4,"2":1,"3":4,"4":1,"5":1,"6":1,"7":1,"8":1,"9":1,"10":4,"11":1,"12":1,"13":1,"14":7,"15":5},"f":{"0":1,"1":1,"2":1,"3":7},"b":{},"_coverageSchema":"1a1c01bbd47fc00a2c39e90264f33305004495a9","hash":"46cd4fdc4de8ffa038896119f8f2260264dd1a7c"}
,"C:\\Users\\polamreddy.vasavi\\Documents\\GitHub\\TODO-LIST\\src\\component\\Header.js": {"path":"C:\\Users\\polamreddy.vasavi\\Documents\\GitHub\\TODO-LIST\\src\\component\\Header.js","statementMap":{"0":{"start":{"line":6,"column":8},"end":{"line":33,"column":9}}},"fnMap":{"0":{"name":"(anonymous_0)","decl":{"start":{"line":5,"column":4},"end":{"line":5,"column":5}},"loc":{"start":{"line":5,"column":13},"end":{"line":34,"column":5}},"line":5}},"branchMap":{},"s":{"0":1},"f":{"0":1},"b":{},"_coverageSchema":"1a1c01bbd47fc00a2c39e90264f33305004495a9","hash":"603dcc04f397ecd41b0629c04d2c5d5aa89e5bb0"}
,"C:\\Users\\polamreddy.vasavi\\Documents\\GitHub\\TODO-LIST\\src\\component\\Modal.js": {"path":"C:\\Users\\polamreddy.vasavi\\Documents\\GitHub\\TODO-LIST\\src\\component\\Modal.js","statementMap":{"0":{"start":{"line":7,"column":8},"end":{"line":7,"column":21}},"1":{"start":{"line":8,"column":8},"end":{"line":8,"column":53}},"2":{"start":{"line":9,"column":8},"end":{"line":13,"column":9}},"3":{"start":{"line":17,"column":8},"end":{"line":17,"column":49}},"4":{"start":{"line":21,"column":21},"end":{"line":24,"column":9}},"5":{"start":{"line":25,"column":8},"end":{"line":25,"column":33}},"6":{"start":{"line":29,"column":8},"end":{"line":51,"column":10}},"7":{"start":{"line":40,"column":134},"end":{"line":40,"column":154}},"8":{"start":{"line":44,"column":63},"end":{"line":44,"column":80}},"9":{"start":{"line":54,"column":0},"end":{"line":54,"column":42}}},"fnMap":{"0":{"name":"(anonymous_0)","decl":{"start":{"line":6,"column":4},"end":{"line":6,"column":5}},"loc":{"start":{"line":6,"column":23},"end":{"line":14,"column":5}},"line":6},"1":{"name":"(anonymous_1)","decl":{"start":{"line":16,"column":4},"end":{"line":16,"column":5}},"loc":{"start":{"line":16,"column":20},"end":{"line":18,"column":5}},"line":16},"2":{"name":"(anonymous_2)","decl":{"start":{"line":19,"column":4},"end":{"line":19,"column":5}},"loc":{"start":{"line":19,"column":17},"end":{"line":26,"column":5}},"line":19},"3":{"name":"(anonymous_3)","decl":{"start":{"line":27,"column":4},"end":{"line":27,"column":5}},"loc":{"start":{"line":27,"column":13},"end":{"line":52,"column":5}},"line":27},"4":{"name":"(anonymous_4)","decl":{"start":{"line":40,"column":127},"end":{"line":40,"column":128}},"loc":{"start":{"line":40,"column":134},"end":{"line":40,"column":154}},"line":40},"5":{"name":"(anonymous_5)","decl":{"start":{"line":44,"column":57},"end":{"line":44,"column":58}},"loc":{"start":{"line":44,"column":63},"end":{"line":44,"column":80}},"line":44}},"branchMap":{},"s":{"0":5,"1":5,"2":5,"3":2,"4":2,"5":2,"6":7,"7":1,"8":1,"9":7},"f":{"0":5,"1":2,"2":2,"3":7,"4":1,"5":1},"b":{},"_coverageSchema":"1a1c01bbd47fc00a2c39e90264f33305004495a9","hash":"73352d265956fa225de69c2e31a6023002f3bc57"}
,"C:\\Users\\polamreddy.vasavi\\Documents\\GitHub\\TODO-LIST\\src\\component\\SelectorApp.js": {"path":"C:\\Users\\polamreddy.vasavi\\Documents\\GitHub\\TODO-LIST\\src\\component\\SelectorApp.js","statementMap":{"0":{"start":{"line":8,"column":4},"end":{"line":15,"column":6}},"1":{"start":{"line":18,"column":0},"end":{"line":18,"column":44}}},"fnMap":{"0":{"name":"(anonymous_0)","decl":{"start":{"line":7,"column":2},"end":{"line":7,"column":3}},"loc":{"start":{"line":7,"column":11},"end":{"line":16,"column":3}},"line":7}},"branchMap":{},"s":{"0":1,"1":4},"f":{"0":1},"b":{},"_coverageSchema":"1a1c01bbd47fc00a2c39e90264f33305004495a9","hash":"3b07f2491c3a991d2428cafc13cf29118fc655c0"}
,"C:\\Users\\polamreddy.vasavi\\Documents\\GitHub\\TODO-LIST\\src\\component\\TodoApp.js": {"path":"C:\\Users\\polamreddy.vasavi\\Documents\\GitHub\\TODO-LIST\\src\\component\\TodoApp.js","statementMap":{"0":{"start":{"line":18,"column":4},"end":{"line":30,"column":6}},"1":{"start":{"line":33,"column":0},"end":{"line":33,"column":44}}},"fnMap":{"0":{"name":"(anonymous_0)","decl":{"start":{"line":17,"column":2},"end":{"line":17,"column":3}},"loc":{"start":{"line":17,"column":11},"end":{"line":31,"column":5}},"line":17}},"branchMap":{},"s":{"0":1,"1":4},"f":{"0":1},"b":{},"_coverageSchema":"1a1c01bbd47fc00a2c39e90264f33305004495a9","hash":"7fdfbaf22ea65fd603fd3d2de02e58735b0743d8"}
,"C:\\Users\\polamreddy.vasavi\\Documents\\GitHub\\TODO-LIST\\src\\component\\regionCountryList.js": {"path":"C:\\Users\\polamreddy.vasavi\\Documents\\GitHub\\TODO-LIST\\src\\component\\regionCountryList.js","statementMap":{"0":{"start":{"line":8,"column":9},"end":{"line":8,"column":74}},"1":{"start":{"line":11,"column":9},"end":{"line":11,"column":39}},"2":{"start":{"line":14,"column":8},"end":{"line":26,"column":9}},"3":{"start":{"line":18,"column":40},"end":{"line":18,"column":63}}},"fnMap":{"0":{"name":"(anonymous_0)","decl":{"start":{"line":7,"column":5},"end":{"line":7,"column":6}},"loc":{"start":{"line":7,"column":25},"end":{"line":9,"column":6}},"line":7},"1":{"name":"(anonymous_1)","decl":{"start":{"line":10,"column":5},"end":{"line":10,"column":6}},"loc":{"start":{"line":10,"column":24},"end":{"line":12,"column":6}},"line":10},"2":{"name":"(anonymous_2)","decl":{"start":{"line":13,"column":5},"end":{"line":13,"column":6}},"loc":{"start":{"line":13,"column":14},"end":{"line":27,"column":5}},"line":13},"3":{"name":"(anonymous_3)","decl":{"start":{"line":18,"column":32},"end":{"line":18,"column":33}},"loc":{"start":{"line":18,"column":40},"end":{"line":18,"column":63}},"line":18}},"branchMap":{"0":{"loc":{"start":{"line":24,"column":13},"end":{"line":24,"column":128}},"type":"binary-expr","locations":[{"start":{"line":24,"column":13},"end":{"line":24,"column":29}},{"start":{"line":24,"column":33},"end":{"line":24,"column":128}}],"line":24}},"s":{"0":0,"1":0,"2":0,"3":0},"f":{"0":0,"1":0,"2":0,"3":0},"b":{"0":[0,0]},"_coverageSchema":"1a1c01bbd47fc00a2c39e90264f33305004495a9","hash":"5def15ad9b78ec1eafbdcea7701e65eb70dbc3e9"}
,"C:\\Users\\polamreddy.vasavi\\Documents\\GitHub\\TODO-LIST\\src\\component\\common\\TodoButton.js": {"path":"C:\\Users\\polamreddy.vasavi\\Documents\\GitHub\\TODO-LIST\\src\\component\\common\\TodoButton.js","statementMap":{"0":{"start":{"line":5,"column":16},"end":{"line":7,"column":17}},"1":{"start":{"line":10,"column":0},"end":{"line":10,"column":47}}},"fnMap":{"0":{"name":"(anonymous_0)","decl":{"start":{"line":4,"column":8},"end":{"line":4,"column":9}},"loc":{"start":{"line":4,"column":17},"end":{"line":8,"column":9}},"line":4}},"branchMap":{},"s":{"0":1,"1":8},"f":{"0":1},"b":{},"_coverageSchema":"1a1c01bbd47fc00a2c39e90264f33305004495a9","hash":"9f390f6a9141841d113f5bd5c6beac45cc833b6e"}
,"C:\\Users\\polamreddy.vasavi\\Documents\\GitHub\\TODO-LIST\\src\\component\\common\\TodoInput.js": {"path":"C:\\Users\\polamreddy.vasavi\\Documents\\GitHub\\TODO-LIST\\src\\component\\common\\TodoInput.js","statementMap":{"0":{"start":{"line":5,"column":8},"end":{"line":9,"column":10}}},"fnMap":{"0":{"name":"(anonymous_0)","decl":{"start":{"line":4,"column":4},"end":{"line":4,"column":5}},"loc":{"start":{"line":4,"column":13},"end":{"line":10,"column":5}},"line":4}},"branchMap":{},"s":{"0":1},"f":{"0":1},"b":{},"_coverageSchema":"1a1c01bbd47fc00a2c39e90264f33305004495a9","hash":"484d862710269c8b2335a09fb7a7fc518ef64d1d"}
,"C:\\Users\\polamreddy.vasavi\\Documents\\GitHub\\TODO-LIST\\src\\component\\common\\commonDropDown.js": {"path":"C:\\Users\\polamreddy.vasavi\\Documents\\GitHub\\TODO-LIST\\src\\component\\common\\commonDropDown.js","statementMap":{"0":{"start":{"line":7,"column":8},"end":{"line":7,"column":37}},"1":{"start":{"line":10,"column":29},"end":{"line":10,"column":52}},"2":{"start":{"line":11,"column":8},"end":{"line":20,"column":9}},"3":{"start":{"line":15,"column":24},"end":{"line":16,"column":53}},"4":{"start":{"line":23,"column":0},"end":{"line":23,"column":47}}},"fnMap":{"0":{"name":"(anonymous_0)","decl":{"start":{"line":5,"column":4},"end":{"line":5,"column":5}},"loc":{"start":{"line":5,"column":28},"end":{"line":8,"column":5}},"line":5},"1":{"name":"(anonymous_1)","decl":{"start":{"line":9,"column":4},"end":{"line":9,"column":5}},"loc":{"start":{"line":9,"column":13},"end":{"line":21,"column":5}},"line":9},"2":{"name":"(anonymous_2)","decl":{"start":{"line":14,"column":37},"end":{"line":14,"column":38}},"loc":{"start":{"line":14,"column":42},"end":{"line":17,"column":21}},"line":14}},"branchMap":{},"s":{"0":0,"1":1,"2":1,"3":1,"4":6},"f":{"0":0,"1":1,"2":1},"b":{},"_coverageSchema":"1a1c01bbd47fc00a2c39e90264f33305004495a9","hash":"4c3df290185137173462fa1fad97b576681c5125"}
,"C:\\Users\\polamreddy.vasavi\\Documents\\GitHub\\TODO-LIST\\src\\mock\\countryRegionMock.js": {"path":"C:\\Users\\polamreddy.vasavi\\Documents\\GitHub\\TODO-LIST\\src\\mock\\countryRegionMock.js","statementMap":{"0":{"start":{"line":1,"column":13},"end":{"line":37,"column":1}}},"fnMap":{},"branchMap":{},"s":{"0":11},"f":{},"b":{},"_coverageSchema":"1a1c01bbd47fc00a2c39e90264f33305004495a9","hash":"76d59016e34ff478fc21d91f4f223269f9ad3087"}
,"C:\\Users\\polamreddy.vasavi\\Documents\\GitHub\\TODO-LIST\\src\\reducers\\countriesReducer.js": {"path":"C:\\Users\\polamreddy.vasavi\\Documents\\GitHub\\TODO-LIST\\src\\reducers\\countriesReducer.js","statementMap":{"0":{"start":{"line":2,"column":21},"end":{"line":5,"column":1}},"1":{"start":{"line":6,"column":25},"end":{"line":22,"column":1}},"2":{"start":{"line":7,"column":2},"end":{"line":21,"column":3}},"3":{"start":{"line":9,"column":6},"end":{"line":13,"column":8}},"4":{"start":{"line":15,"column":6},"end":{"line":18,"column":8}},"5":{"start":{"line":20,"column":6},"end":{"line":20,"column":19}}},"fnMap":{"0":{"name":"(anonymous_0)","decl":{"start":{"line":6,"column":25},"end":{"line":6,"column":26}},"loc":{"start":{"line":6,"column":70},"end":{"line":22,"column":1}},"line":6}},"branchMap":{"0":{"loc":{"start":{"line":6,"column":26},"end":{"line":6,"column":46}},"type":"default-arg","locations":[{"start":{"line":6,"column":34},"end":{"line":6,"column":46}}],"line":6},"1":{"loc":{"start":{"line":7,"column":2},"end":{"line":21,"column":3}},"type":"switch","locations":[{"start":{"line":8,"column":4},"end":{"line":13,"column":8}},{"start":{"line":14,"column":4},"end":{"line":18,"column":8}},{"start":{"line":19,"column":4},"end":{"line":20,"column":19}}],"line":7}},"s":{"0":2,"1":2,"2":6,"3":1,"4":1,"5":4},"f":{"0":6},"b":{"0":[3],"1":[1,1,4]},"_coverageSchema":"1a1c01bbd47fc00a2c39e90264f33305004495a9","hash":"3f79f6ffbc283940bbad00862b10e68fba1a8e0c"}
,"C:\\Users\\polamreddy.vasavi\\Documents\\GitHub\\TODO-LIST\\src\\reducers\\rootReducer.js": {"path":"C:\\Users\\polamreddy.vasavi\\Documents\\GitHub\\TODO-LIST\\src\\reducers\\rootReducer.js","statementMap":{},"fnMap":{},"branchMap":{},"s":{},"f":{},"b":{},"_coverageSchema":"1a1c01bbd47fc00a2c39e90264f33305004495a9","hash":"59d631db9cc704038f4aa266a5ded8c2873c332f"}
,"C:\\Users\\polamreddy.vasavi\\Documents\\GitHub\\TODO-LIST\\src\\store\\store.js": {"path":"C:\\Users\\polamreddy.vasavi\\Documents\\GitHub\\TODO-LIST\\src\\store\\store.js","statementMap":{"0":{"start":{"line":5,"column":27},"end":{"line":5,"column":39}},"1":{"start":{"line":6,"column":41},"end":{"line":6,"column":85}},"2":{"start":{"line":7,"column":21},"end":{"line":7,"column":59}}},"fnMap":{},"branchMap":{},"s":{"0":1,"1":1,"2":1},"f":{},"b":{},"_coverageSchema":"1a1c01bbd47fc00a2c39e90264f33305004495a9","hash":"d4595ba454b3ea86302faa3a34e1bda85ba8c327"}
}
