TN:
SF:src\App.js
FN:45,(anonymous_0)
FNF:1
FNH:1
FNDA:2,(anonymous_0)
DA:46,2
DA:59,3
LF:2
LH:2
BRF:0
BRH:0
end_of_record
TN:
SF:src\index.js
FNF:0
FNH:0
DA:12,1
LF:1
LH:1
BRF:0
BRH:0
end_of_record
TN:
SF:src\actions\action-get-countries.js
FN:3,(anonymous_0)
FN:3,(anonymous_1)
FN:6,(anonymous_2)
FN:10,(anonymous_3)
FN:16,(anonymous_4)
FN:22,(anonymous_5)
FNF:6
FNH:4
FNDA:2,(anonymous_0)
FNDA:2,(anonymous_1)
FNDA:0,(anonymous_2)
FNDA:2,(anonymous_3)
FNDA:0,(anonymous_4)
FNDA:2,(anonymous_5)
DA:3,6
DA:4,2
DA:7,0
DA:8,0
DA:11,2
DA:12,2
DA:16,6
DA:17,0
DA:22,6
DA:23,2
LF:10
LH:7
BRF:0
BRH:0
end_of_record
TN:
SF:src\actions\actionTypes.js
FNF:0
FNH:0
DA:1,7
LF:1
LH:1
BRF:0
BRH:0
end_of_record
TN:
SF:src\component\Container.js
FN:9,(anonymous_0)
FN:16,(anonymous_1)
FN:17,(anonymous_2)
FNF:3
FNH:2
FNDA:1,(anonymous_0)
FNDA:1,(anonymous_1)
FNDA:0,(anonymous_2)
DA:9,5
DA:11,1
DA:16,5
DA:17,0
LF:4
LH:3
BRF:0
BRH:0
end_of_record
TN:
SF:src\component\EditData.js
FN:9,(anonymous_0)
FN:19,(anonymous_1)
FN:22,(anonymous_2)
FN:30,(anonymous_3)
FN:36,(anonymous_4)
FN:40,(anonymous_5)
FN:52,(anonymous_6)
FN:53,(anonymous_7)
FN:65,(anonymous_8)
FN:69,(anonymous_9)
FNF:10
FNH:10
FNDA:5,(anonymous_0)
FNDA:2,(anonymous_1)
FNDA:2,(anonymous_2)
FNDA:2,(anonymous_3)
FNDA:2,(anonymous_4)
FNDA:2,(anonymous_5)
FNDA:13,(anonymous_6)
FNDA:12,(anonymous_7)
FNDA:1,(anonymous_8)
FNDA:1,(anonymous_9)
DA:10,5
DA:11,5
DA:20,2
DA:21,2
DA:22,2
DA:23,2
DA:24,1
DA:27,2
DA:30,5
DA:32,2
DA:36,5
DA:38,2
DA:39,2
DA:40,2
DA:41,2
DA:42,1
DA:45,1
DA:48,2
DA:53,13
DA:55,12
DA:65,1
DA:69,1
DA:75,13
DA:104,6
LF:24
LH:24
BRDA:23,0,0,1
BRDA:23,0,1,1
BRDA:41,1,0,1
BRDA:41,1,1,1
BRF:4
BRH:4
end_of_record
TN:
SF:src\component\Form.js
FN:18,(anonymous_0)
FN:25,(anonymous_1)
FN:42,(anonymous_2)
FN:51,(anonymous_3)
FNF:4
FNH:4
FNDA:1,(anonymous_0)
FNDA:1,(anonymous_1)
FNDA:1,(anonymous_2)
FNDA:7,(anonymous_3)
DA:11,4
DA:18,4
DA:20,1
DA:25,4
DA:26,1
DA:27,1
DA:28,1
DA:30,1
DA:35,1
DA:37,1
DA:42,4
DA:43,1
DA:44,1
DA:45,1
DA:52,7
DA:66,5
LF:16
LH:16
BRF:0
BRH:0
end_of_record
TN:
SF:src\component\Header.js
FN:5,(anonymous_0)
FNF:1
FNH:1
FNDA:1,(anonymous_0)
DA:6,1
LF:1
LH:1
BRF:0
BRH:0
end_of_record
TN:
SF:src\component\Modal.js
FN:6,(anonymous_0)
FN:16,(anonymous_1)
FN:19,(anonymous_2)
FN:27,(anonymous_3)
FN:40,(anonymous_4)
FN:44,(anonymous_5)
FNF:6
FNH:6
FNDA:5,(anonymous_0)
FNDA:2,(anonymous_1)
FNDA:2,(anonymous_2)
FNDA:7,(anonymous_3)
FNDA:1,(anonymous_4)
FNDA:1,(anonymous_5)
DA:7,5
DA:8,5
DA:9,5
DA:17,2
DA:21,2
DA:25,2
DA:29,7
DA:40,1
DA:44,1
DA:54,7
LF:10
LH:10
BRF:0
BRH:0
end_of_record
TN:
SF:src\component\SelectorApp.js
FN:7,(anonymous_0)
FNF:1
FNH:1
FNDA:1,(anonymous_0)
DA:8,1
DA:18,4
LF:2
LH:2
BRF:0
BRH:0
end_of_record
TN:
SF:src\component\TodoApp.js
FN:17,(anonymous_0)
FNF:1
FNH:1
FNDA:1,(anonymous_0)
DA:18,1
DA:33,4
LF:2
LH:2
BRF:0
BRH:0
end_of_record
TN:
SF:src\component\regionCountryList.js
FN:7,(anonymous_0)
FN:10,(anonymous_1)
FN:13,(anonymous_2)
FN:18,(anonymous_3)
FNF:4
FNH:0
FNDA:0,(anonymous_0)
FNDA:0,(anonymous_1)
FNDA:0,(anonymous_2)
FNDA:0,(anonymous_3)
DA:8,0
DA:11,0
DA:14,0
DA:18,0
LF:4
LH:0
BRDA:24,0,0,0
BRDA:24,0,1,0
BRF:2
BRH:0
end_of_record
TN:
SF:src\component\common\TodoButton.js
FN:4,(anonymous_0)
FNF:1
FNH:1
FNDA:1,(anonymous_0)
DA:5,1
DA:10,8
LF:2
LH:2
BRF:0
BRH:0
end_of_record
TN:
SF:src\component\common\TodoInput.js
FN:4,(anonymous_0)
FNF:1
FNH:1
FNDA:1,(anonymous_0)
DA:5,1
LF:1
LH:1
BRF:0
BRH:0
end_of_record
TN:
SF:src\component\common\commonDropDown.js
FN:5,(anonymous_0)
FN:9,(anonymous_1)
FN:14,(anonymous_2)
FNF:3
FNH:2
FNDA:0,(anonymous_0)
FNDA:1,(anonymous_1)
FNDA:1,(anonymous_2)
DA:7,0
DA:10,1
DA:11,1
DA:15,1
DA:23,6
LF:5
LH:4
BRF:0
BRH:0
end_of_record
TN:
SF:src\mock\countryRegionMock.js
FNF:0
FNH:0
DA:1,11
LF:1
LH:1
BRF:0
BRH:0
end_of_record
TN:
SF:src\reducers\countriesReducer.js
FN:6,(anonymous_0)
FNF:1
FNH:1
FNDA:6,(anonymous_0)
DA:2,2
DA:6,2
DA:7,6
DA:9,1
DA:15,1
DA:20,4
LF:6
LH:6
BRDA:6,0,0,3
BRDA:7,1,0,1
BRDA:7,1,1,1
BRDA:7,1,2,4
BRF:4
BRH:4
end_of_record
TN:
SF:src\reducers\rootReducer.js
FNF:0
FNH:0
LF:0
LH:0
BRF:0
BRH:0
end_of_record
TN:
SF:src\store\store.js
FNF:0
FNH:0
DA:5,1
DA:6,1
DA:7,1
LF:3
LH:3
BRF:0
BRH:0
end_of_record
